<?xml version="1.0" encoding="UTF-8"?>
<!-- Generated by org.testng.reporters.JUnitXMLReporter -->
<testsuite ignored="0" hostname="LAPTOP-OU35BQ5I" failures="1" tests="1" name="FirefoxTest" time="27.697" errors="0" timestamp="2025-01-05T03:36:52 IST">
  <testcase classname="test.java.tc001_AccountRegisterationTest" name="verify_account_registeration" time="21.732">
    <failure type="java.lang.AssertionError" message="null">
      <![CDATA[java.lang.AssertionError: null
at test.java.tc001_AccountRegisterationTest.verify_account_registeration(tc001_AccountRegisterationTest.java:69)
at java.base/java.util.ArrayList.forEach(ArrayList.java:1596)
... Removed 27 stack frames]]>
    </failure>
  </testcase> <!-- verify_account_registeration -->
</testsuite> <!-- FirefoxTest -->
